[0m00:30:13.162832 [debug] [MainThread]: Sending event: {'category': 'dbt', 'action': 'invocation', 'label': 'start', 'context': [<snowplow_tracker.self_describing_json.SelfDescribingJson object at 0x0000022F73171690>, <snowplow_tracker.self_describing_json.SelfDescribingJson object at 0x0000022F769BB3D0>, <snowplow_tracker.self_describing_json.SelfDescribingJson object at 0x0000022F76A5A410>]}


============================== 00:30:13.177865 | 68310c33-3dd8-4e11-91c4-98cfe25ef3da ==============================
[0m00:30:13.177865 [info ] [MainThread]: Running with dbt=1.11.11
[0m00:30:13.177865 [debug] [MainThread]: running dbt with arguments {'static_parser': 'True', 'no_print': 'None', 'version_check': 'True', 'target_path': 'None', 'warn_error_options': 'WarnErrorOptionsV2(error=[], warn=[], silence=[])', 'printer_width': '80', 'write_json': 'True', 'introspect': 'True', 'log_cache_events': 'False', 'empty': 'None', 'cache_selected_only': 'False', 'fail_fast': 'False', 'debug': 'False', 'log_format': 'default', 'partial_parse': 'True', 'send_anonymous_usage_stats': 'True', 'quiet': 'False', 'warn_error': 'None', 'profiles_dir': 'C:\\Users\\Prathyusha Sathineni\\.dbt', 'use_colors': 'True', 'invocation_command': 'dbt init olist_pipeline', 'indirect_selection': 'eager', 'use_experimental_parser': 'False', 'log_path': 'logs'}
[0m00:30:13.192979 [info ] [MainThread]: Creating dbt configuration folder at C:\Users\Prathyusha Sathineni\.dbt
[0m00:30:13.192979 [debug] [MainThread]: Starter project path: C:\Users\Prathyusha Sathineni\Documents\olist-analytics\venv\Lib\site-packages\dbt\include\starter_project
[0m00:30:13.211977 [info ] [MainThread]: 
Your new dbt project "olist_pipeline" was created!

For more information on how to configure the profiles.yml file,
please consult the dbt documentation here:

  https://docs.getdbt.com/docs/configure-your-profile

One more thing:

Need help? Don't hesitate to reach out to us via GitHub issues or on Slack:

  https://community.getdbt.com/

Happy modeling!

[0m00:30:13.212822 [info ] [MainThread]: Setting up your profile.
[0m00:30:22.889079 [info ] [MainThread]: Profile olist_pipeline written to C:\Users\Prathyusha Sathineni\.dbt\profiles.yml using target's sample configuration. Once updated, you'll be able to start developing with dbt.
[0m00:30:22.891515 [debug] [MainThread]: Command `dbt init` succeeded at 00:30:22.890087 after 9.84 seconds
[0m00:30:22.891515 [debug] [MainThread]: Sending event: {'category': 'dbt', 'action': 'invocation', 'label': 'end', 'context': [<snowplow_tracker.self_describing_json.SelfDescribingJson object at 0x0000022F6FE3E790>, <snowplow_tracker.self_describing_json.SelfDescribingJson object at 0x0000022F6FE3E850>, <snowplow_tracker.self_describing_json.SelfDescribingJson object at 0x0000022F77BD7150>]}
[0m00:30:22.891515 [debug] [MainThread]: Flushing usage events
[0m00:30:23.513337 [debug] [MainThread]: An error was encountered while trying to flush usage events
[0m00:02:57.671238 [debug] [MainThread]: Sending event: {'category': 'dbt', 'action': 'invocation', 'label': 'start', 'context': [<snowplow_tracker.self_describing_json.SelfDescribingJson object at 0x0000020C4FA37350>, <snowplow_tracker.self_describing_json.SelfDescribingJson object at 0x0000020C543E36D0>, <snowplow_tracker.self_describing_json.SelfDescribingJson object at 0x0000020C5327A5D0>]}


============================== 00:02:57.675810 | 27e843a3-e30c-487e-b66f-58201646ae77 ==============================
[0m00:02:57.675810 [info ] [MainThread]: Running with dbt=1.11.11
[0m00:02:57.675810 [debug] [MainThread]: running dbt with arguments {'version_check': 'True', 'no_print': 'None', 'static_parser': 'True', 'warn_error_options': 'WarnErrorOptionsV2(error=[], warn=[], silence=[])', 'target_path': 'None', 'printer_width': '80', 'write_json': 'True', 'empty': 'False', 'log_cache_events': 'False', 'introspect': 'True', 'cache_selected_only': 'False', 'log_format': 'default', 'debug': 'False', 'fail_fast': 'False', 'profiles_dir': 'C:\\Users\\psath\\.dbt', 'send_anonymous_usage_stats': 'True', 'quiet': 'False', 'warn_error': 'None', 'partial_parse': 'True', 'invocation_command': 'dbt run --select int_orders_enriched', 'use_colors': 'True', 'indirect_selection': 'eager', 'use_experimental_parser': 'False', 'log_path': 'logs'}
[0m00:02:57.675810 [error] [MainThread]: Encountered an error:
Runtime Error
  No dbt_project.yml found at expected path C:\Users\psath\source\olist-analytics-pipeline\dbt_project.yml
  Verify that each entry within packages.yml (and their transitive dependencies) contains a file named dbt_project.yml
  
[0m00:02:57.684498 [debug] [MainThread]: Command `dbt run` failed at 00:02:57.684498 after 0.13 seconds
[0m00:02:57.684498 [debug] [MainThread]: Sending event: {'category': 'dbt', 'action': 'invocation', 'label': 'end', 'context': [<snowplow_tracker.self_describing_json.SelfDescribingJson object at 0x0000020C53324590>, <snowplow_tracker.self_describing_json.SelfDescribingJson object at 0x0000020C53327D50>, <snowplow_tracker.self_describing_json.SelfDescribingJson object at 0x0000020C530B9E10>]}
[0m00:02:57.684498 [debug] [MainThread]: Flushing usage events
[0m00:02:58.244671 [debug] [MainThread]: An error was encountered while trying to flush usage events
[0m01:06:06.366928 [debug] [MainThread]: Sending event: {'category': 'dbt', 'action': 'invocation', 'label': 'start', 'context': [<snowplow_tracker.self_describing_json.SelfDescribingJson object at 0x000001EFADA252D0>, <snowplow_tracker.self_describing_json.SelfDescribingJson object at 0x000001EFA7AE5050>, <snowplow_tracker.self_describing_json.SelfDescribingJson object at 0x000001EFADA5EFD0>]}


============================== 01:06:06.370424 | 622ac70c-8fe0-4262-a7c0-f4e7cfd52e55 ==============================
[0m01:06:06.370424 [info ] [MainThread]: Running with dbt=1.11.11
[0m01:06:06.371424 [debug] [MainThread]: running dbt with arguments {'static_parser': 'True', 'no_print': 'None', 'version_check': 'True', 'warn_error_options': 'WarnErrorOptionsV2(error=[], warn=[], silence=[])', 'target_path': 'None', 'printer_width': '80', 'write_json': 'True', 'introspect': 'True', 'log_cache_events': 'False', 'empty': 'None', 'cache_selected_only': 'False', 'fail_fast': 'False', 'debug': 'False', 'log_format': 'default', 'partial_parse': 'True', 'send_anonymous_usage_stats': 'True', 'quiet': 'False', 'warn_error': 'None', 'profiles_dir': 'C:\\Users\\Prathyusha Sathineni\\.dbt', 'indirect_selection': 'eager', 'invocation_command': 'dbt docs generate', 'use_colors': 'True', 'use_experimental_parser': 'False', 'log_path': 'logs'}
[0m01:06:06.372423 [error] [MainThread]: Encountered an error:
Runtime Error
  No dbt_project.yml found at expected path C:\Users\Prathyusha Sathineni\Documents\DataProjects\olist-analytics\dbt_project.yml
  Verify that each entry within packages.yml (and their transitive dependencies) contains a file named dbt_project.yml
  
[0m01:06:06.373422 [debug] [MainThread]: Command `dbt docs generate` failed at 01:06:06.373422 after 0.12 seconds
[0m01:06:06.374455 [debug] [MainThread]: Sending event: {'category': 'dbt', 'action': 'invocation', 'label': 'end', 'context': [<snowplow_tracker.self_describing_json.SelfDescribingJson object at 0x000001EFAC9A7BD0>, <snowplow_tracker.self_describing_json.SelfDescribingJson object at 0x000001EFAC9A7990>, <snowplow_tracker.self_describing_json.SelfDescribingJson object at 0x000001EFAC9A7850>]}
[0m01:06:06.374455 [debug] [MainThread]: Flushing usage events
[0m01:06:06.983932 [debug] [MainThread]: An error was encountered while trying to flush usage events
[0m15:38:26.362944 [debug] [MainThread]: Sending event: {'category': 'dbt', 'action': 'invocation', 'label': 'start', 'context': [<snowplow_tracker.self_describing_json.SelfDescribingJson object at 0x000001D220841E90>, <snowplow_tracker.self_describing_json.SelfDescribingJson object at 0x000001D21A8C5050>, <snowplow_tracker.self_describing_json.SelfDescribingJson object at 0x000001D21F786850>]}


============================== 15:38:26.366048 | 0e9c64f9-daee-4c3e-9586-a57a2823dccc ==============================
[0m15:38:26.366048 [info ] [MainThread]: Running with dbt=1.11.11
[0m15:38:26.367585 [debug] [MainThread]: running dbt with arguments {'version_check': 'True', 'no_print': 'None', 'static_parser': 'True', 'warn_error_options': 'WarnErrorOptionsV2(error=[], warn=[], silence=[])', 'target_path': 'None', 'printer_width': '80', 'write_json': 'True', 'introspect': 'True', 'log_cache_events': 'False', 'empty': 'None', 'cache_selected_only': 'False', 'fail_fast': 'False', 'debug': 'False', 'log_format': 'default', 'profiles_dir': 'C:\\Users\\Prathyusha Sathineni\\.dbt', 'send_anonymous_usage_stats': 'True', 'quiet': 'False', 'warn_error': 'None', 'partial_parse': 'True', 'indirect_selection': 'eager', 'use_colors': 'True', 'invocation_command': 'dbt docs generate', 'use_experimental_parser': 'False', 'log_path': 'logs'}
[0m15:38:26.368717 [error] [MainThread]: Encountered an error:
Runtime Error
  No dbt_project.yml found at expected path C:\Users\Prathyusha Sathineni\Documents\DataProjects\olist-analytics\dbt_project.yml
  Verify that each entry within packages.yml (and their transitive dependencies) contains a file named dbt_project.yml
  
[0m15:38:26.369991 [debug] [MainThread]: Command `dbt docs generate` failed at 15:38:26.369991 after 0.12 seconds
[0m15:38:26.369991 [debug] [MainThread]: Sending event: {'category': 'dbt', 'action': 'invocation', 'label': 'end', 'context': [<snowplow_tracker.self_describing_json.SelfDescribingJson object at 0x000001D21F785AD0>, <snowplow_tracker.self_describing_json.SelfDescribingJson object at 0x000001D21F787850>, <snowplow_tracker.self_describing_json.SelfDescribingJson object at 0x000001D21F787F90>]}
[0m15:38:26.371179 [debug] [MainThread]: Flushing usage events
[0m15:38:27.469506 [debug] [MainThread]: An error was encountered while trying to flush usage events
